<?xml version="1.0" encoding="UTF-8"?>
<testng-results ignored="0" total="3" passed="3" failed="0" skipped="0">
  <reporter-output>
  </reporter-output>
  <suite started-at="2018-11-07T09:32:28Z" name="Suite" finished-at="2018-11-07T09:33:03Z" duration-ms="35195">
    <groups>
    </groups>
    <test started-at="2018-11-07T09:32:28Z" name="Test" finished-at="2018-11-07T09:33:03Z" duration-ms="35195">
      <class name="testcases.TC_002">
        <test-method signature="tc_001()[pri:0, instance:testcases.TC_002@2c1b194a]" started-at="2018-11-07T09:32:39Z" name="tc_001" finished-at="2018-11-07T09:32:51Z" duration-ms="11547" status="PASS">
          <reporter-output>
          </reporter-output>
        </test-method> <!-- tc_001 -->
      </class> <!-- testcases.TC_002 -->
      <class name="testcases.TC_001">
        <test-method signature="tc_001()[pri:0, instance:testcases.TC_001@32502377]" started-at="2018-11-07T09:32:28Z" name="tc_001" finished-at="2018-11-07T09:32:39Z" duration-ms="11502" status="PASS">
          <reporter-output>
          </reporter-output>
        </test-method> <!-- tc_001 -->
      </class> <!-- testcases.TC_001 -->
      <class name="testcases.TC_003">
        <test-method signature="tc_001()[pri:0, instance:testcases.TC_003@4dbb42b7]" started-at="2018-11-07T09:32:51Z" name="tc_001" finished-at="2018-11-07T09:33:03Z" duration-ms="12104" status="PASS">
          <reporter-output>
          </reporter-output>
        </test-method> <!-- tc_001 -->
      </class> <!-- testcases.TC_003 -->
    </test> <!-- Test -->
  </suite> <!-- Suite -->
</testng-results>
